<?xml version="1.0" encoding="UTF-8"?>
<testng-results skipped="0" failed="0" total="1" passed="1">
  <reporter-output>
  </reporter-output>
  <suite name="Default suite" duration-ms="3668" started-at="2016-09-20T13:06:45Z" finished-at="2016-09-20T13:06:48Z">
    <groups>
    </groups>
    <test name="Default test" duration-ms="3668" started-at="2016-09-20T13:06:45Z" finished-at="2016-09-20T13:06:48Z">
      <class name="mytest.SimpleTest">
        <test-method status="PASS" signature="beforeClass()[pri:0, instance:mytest.SimpleTest@675d3402]" name="beforeClass" is-config="true" duration-ms="16" started-at="2016-09-20T15:06:45Z" finished-at="2016-09-20T15:06:45Z">
          <reporter-output>
          </reporter-output>
        </test-method> <!-- beforeClass -->
        <test-method status="PASS" signature="ff()[pri:0, instance:mytest.SimpleTest@675d3402]" name="ff" duration-ms="3621" started-at="2016-09-20T15:06:45Z" finished-at="2016-09-20T15:06:48Z">
          <reporter-output>
          </reporter-output>
        </test-method> <!-- ff -->
        <test-method status="PASS" signature="afterClass()[pri:0, instance:mytest.SimpleTest@675d3402]" name="afterClass" is-config="true" duration-ms="0" started-at="2016-09-20T15:06:48Z" finished-at="2016-09-20T15:06:48Z">
          <reporter-output>
          </reporter-output>
        </test-method> <!-- afterClass -->
      </class> <!-- mytest.SimpleTest -->
    </test> <!-- Default test -->
  </suite> <!-- Default suite -->
</testng-results>
